income-goods-excel (2).xlsx:

Артикул: BJWHALE20230001, Количество: 26

Артикул: 20240002BJBLCK, Количество: 128

Артикул: 20240003BJBRWN, Количество: 128

Артикул: 20240004BJPINKBOX, Количество: 26

income-goods-excel (4).xlsx:

Артикул: 20240001BJTREEBOX, Количество: 26

Артикул: 20240002BJBLCK, Количество: 84

Артикул: 20240003BJBRWN, Количество: 84

Артикул: 20240004BJPINKBOX, Количество: 26

Артикул: 20240005BJBIEGEBOX, Количество: 26

income-goods-excel (3).xlsx:

Артикул: 20240005BJBIEGEBOX, Количество: 26

income-goods-excel (1).xlsx:

Артикул: BJWHALE20230001, Количество: 26

Артикул: 20240001BJTREEBOX, Количество: 26

income-goods-excel (5).xlsx:

Артикул: 20240003BJBRWN, Количество: 169

SUMMARY:

Артикул: BJWHALE20230001, Общее количество: 52

Артикул: 20240002BJBLCK, Общее количество: 212

Артикул: 20240003BJBRWN, Общее количество: 381

Артикул: 20240004BJPINKBOX, Общее количество: 52

Артикул: 20240001BJTREEBOX, Общее количество: 52

Артикул: 20240005BJBIEGEBOX, Общее количество: 52

